(node:71582) ExperimentalWarning: Importing JSON modules is an experimental feature and might change at any time
(Use `node --trace-warnings ...` to show where the warning was created)
▲ [WARNING] Calling "clsx" will crash at run-time because it's an import namespace object, not a function [call-import-namespace]

    src/Button.tsx:14:44:
      14 │     <button {...props} ref={ref} className={clsx({})}>
         ╵                                             ~~~~

  Consider changing "clsx" to a default import instead:

    src/Button.tsx:3:7:
      3 │ import * as clsx from "clsx";
        │        ~~~~~~~~~
        ╵        clsx

  Make sure to enable TypeScript's "esModuleInterop" setting so that TypeScript's type checker generates an error when you try to do this. You can read more about this setting here: https://www.typescriptlang.org/tsconfig#esModuleInterop

▲ [WARNING] Calling "clsx" will crash at run-time because it's an import namespace object, not a function [call-import-namespace]

    src/Button.tsx:14:44:
      14 │     <button {...props} ref={ref} className={clsx({})}>
         ╵                                             ~~~~

  Consider changing "clsx" to a default import instead:

    src/Button.tsx:3:7:
      3 │ import * as clsx from "clsx";
        │        ~~~~~~~~~
        ╵        clsx

  Make sure to enable TypeScript's "esModuleInterop" setting so that TypeScript's type checker generates an error when you try to do this. You can read more about this setting here: https://www.typescriptlang.org/tsconfig#esModuleInterop

▲ [WARNING] Calling "clsx" will crash at run-time because it's an import namespace object, not a function [call-import-namespace]

    src/Button.tsx:14:44:
      14 │     <button {...props} ref={ref} className={clsx([buttonStyle])}>
         ╵                                             ~~~~

  Consider changing "clsx" to a default import instead:

    src/Button.tsx:3:7:
      3 │ import * as clsx from "clsx";
        │        ~~~~~~~~~
        ╵        clsx

  Make sure to enable TypeScript's "esModuleInterop" setting so that TypeScript's type checker generates an error when you try to do this. You can read more about this setting here: https://www.typescriptlang.org/tsconfig#esModuleInterop

▲ [WARNING] Calling "clsx" will crash at run-time because it's an import namespace object, not a function [call-import-namespace]

    src/Button.tsx:14:44:
      14 │     <button {...props} ref={ref} className={clsx([buttonStyle])}>
         ╵                                             ~~~~

  Consider changing "clsx" to a default import instead:

    src/Button.tsx:3:7:
      3 │ import * as clsx from "clsx";
        │        ~~~~~~~~~
        ╵        clsx

  Make sure to enable TypeScript's "esModuleInterop" setting so that TypeScript's type checker generates an error when you try to do this. You can read more about this setting here: https://www.typescriptlang.org/tsconfig#esModuleInterop

✘ [ERROR] Expected identifier but found "}"

    src/style.css.ts:33:6:
      33 │       }
         ╵       ^

✘ [ERROR] Expected identifier but found "}"

    src/style.css.ts:33:6:
      33 │       }
         ╵       ^

✘ [ERROR] [plugin vanilla-extract] Build failed with 1 error:
src/style.css.ts:33:6: ERROR: Expected identifier but found "}"

    src/Button.tsx:4:28:
      4 │ import { buttonStyle } from "./style.css";
        ╵                             ~~~~~~~~~~~~~

  This error came from the "onLoad" callback registered here:

    ../../../../.yarn/__virtual__/@vanilla-extract-esbuild-plugin-virtual-04b0847f58/4/.yarn/berry/cache/@vanilla-extract-esbuild-plugin-npm-2.3.13-4287ce6f58-10c0.zip/node_modules/@vanilla-extract/esbuild-plugin/dist/vanilla-extract-esbuild-plugin.cjs.dev.js:55:12:
      55 │       build.onLoad({
         ╵             ~~~~~~

    at setup (/Users/song/Desktop/fastcampus/front-projects/.yarn/__virtual__/@vanilla-extract-esbuild-plugin-virtual-04b0847f58/4/.yarn/berry/cache/@vanilla-extract-esbuild-plugin-npm-2.3.13-4287ce6f58-10c0.zip/node_modules/@vanilla-extract/esbuild-plugin/dist/vanilla-extract-esbuild-plugin.cjs.dev.js:55:13)
    at handlePlugins (/Users/song/Desktop/fastcampus/front-projects/.yarn/unplugged/esbuild-npm-0.16.17-89fa4ab0dd/node_modules/esbuild/lib/main.js:1287:21)
    at buildOrServeImpl (/Users/song/Desktop/fastcampus/front-projects/.yarn/unplugged/esbuild-npm-0.16.17-89fa4ab0dd/node_modules/esbuild/lib/main.js:974:5)
    at Object.buildOrServe (/Users/song/Desktop/fastcampus/front-projects/.yarn/unplugged/esbuild-npm-0.16.17-89fa4ab0dd/node_modules/esbuild/lib/main.js:780:5)
    at /Users/song/Desktop/fastcampus/front-projects/.yarn/unplugged/esbuild-npm-0.16.17-89fa4ab0dd/node_modules/esbuild/lib/main.js:2132:17
    at new Promise (<anonymous>)
    at Object.build (/Users/song/Desktop/fastcampus/front-projects/.yarn/unplugged/esbuild-npm-0.16.17-89fa4ab0dd/node_modules/esbuild/lib/main.js:2131:14)
    at build (/Users/song/Desktop/fastcampus/front-projects/.yarn/unplugged/esbuild-npm-0.16.17-89fa4ab0dd/node_modules/esbuild/lib/main.js:1978:51)
    at run (/Users/song/Desktop/fastcampus/front-projects/packages/esbuild-config/index.js:30:5)

✘ [ERROR] [plugin vanilla-extract] Build failed with 1 error:
src/style.css.ts:33:6: ERROR: Expected identifier but found "}"

    src/Button.tsx:4:28:
      4 │ import { buttonStyle } from "./style.css";
        ╵                             ~~~~~~~~~~~~~

  This error came from the "onLoad" callback registered here:

    ../../../../.yarn/__virtual__/@vanilla-extract-esbuild-plugin-virtual-04b0847f58/4/.yarn/berry/cache/@vanilla-extract-esbuild-plugin-npm-2.3.13-4287ce6f58-10c0.zip/node_modules/@vanilla-extract/esbuild-plugin/dist/vanilla-extract-esbuild-plugin.cjs.dev.js:55:12:
      55 │       build.onLoad({
         ╵             ~~~~~~

    at setup (/Users/song/Desktop/fastcampus/front-projects/.yarn/__virtual__/@vanilla-extract-esbuild-plugin-virtual-04b0847f58/4/.yarn/berry/cache/@vanilla-extract-esbuild-plugin-npm-2.3.13-4287ce6f58-10c0.zip/node_modules/@vanilla-extract/esbuild-plugin/dist/vanilla-extract-esbuild-plugin.cjs.dev.js:55:13)
    at handlePlugins (/Users/song/Desktop/fastcampus/front-projects/.yarn/unplugged/esbuild-npm-0.16.17-89fa4ab0dd/node_modules/esbuild/lib/main.js:1287:21)
    at buildOrServeImpl (/Users/song/Desktop/fastcampus/front-projects/.yarn/unplugged/esbuild-npm-0.16.17-89fa4ab0dd/node_modules/esbuild/lib/main.js:974:5)
    at Object.buildOrServe (/Users/song/Desktop/fastcampus/front-projects/.yarn/unplugged/esbuild-npm-0.16.17-89fa4ab0dd/node_modules/esbuild/lib/main.js:780:5)
    at /Users/song/Desktop/fastcampus/front-projects/.yarn/unplugged/esbuild-npm-0.16.17-89fa4ab0dd/node_modules/esbuild/lib/main.js:2132:17
    at new Promise (<anonymous>)
    at Object.build (/Users/song/Desktop/fastcampus/front-projects/.yarn/unplugged/esbuild-npm-0.16.17-89fa4ab0dd/node_modules/esbuild/lib/main.js:2131:14)
    at build (/Users/song/Desktop/fastcampus/front-projects/.yarn/unplugged/esbuild-npm-0.16.17-89fa4ab0dd/node_modules/esbuild/lib/main.js:1978:51)
    at run (/Users/song/Desktop/fastcampus/front-projects/packages/esbuild-config/index.js:36:5)

▲ [WARNING] Expected ":" [css-syntax-error]

    vanilla-extract-css-ns:src/style.css.ts.vanilla.css?source=#H4sIAAAAAAAAE+2bTW/juhWG9/MrCPi2uAOMA4pfojQrfaL7Lu6i6EK2lcQYj234ozdzi/z3gpSUSOQ5Z7Iril4ncWyeVxT1HJLyy4QPlydhnjPJ/v2Jse/d5Wl/zBn/+omxc7fb7Y9P47vN6bLrL4s360u329+vOeMPMtWX/rsL7fbX86H7kbPHQ//iCrrD/um43t/679ecbfvjrb+44u39cj1dcnY+7aei+7W/rK/9od/ecnY8HXtXeLt0x+v+tj8dc7bptt+eLqf7cbfeng6nC+MP4spmL8d2vZe4Gv76j93+2m0O/e6f/iIZO5277f72wzVcffUlU2uOp9u6OxxOv/c7F3j99PrpYQCk/LGPp+Ntfd3/0btj367Zlf7W75+eb+MJNqeX8RVjDtL+7R3zFzZiHB7X766yREy1DY9Nd/UnCYq/75a4h8fBZelhWfZyWLRxeAhXmiyKpC8KDn68Hw45y7IsO79Mpa/j7+tztzv9fp1d0ovrA/4rOb+wy9Om+5V/YeP3A9efg4s9v3ihOL/41+QBI4efHWI+f3kTSUSU8M8ByLFGdX5ha7DpU7VOYTDVol6fivkRAr7Csbn+STud/FnNPqFvx7intYbqVmPdwj9pTLeoW0yVe732lSdQy8U8N/vj0U8JM4xIctj+eO1v70fuusu39YTKX7/iyNGKj9ejp8uGVGJSTT8/TdTpfjvs/VD0X2/4jfnCEi2/MCG0O8h8jgaAmz6OT7MBwBcDOgHGrYgHqATGpwpHp3ZjM6jLxOM1dUVBXTZnYlGQ5UyEdSXcFQZliSsLaktEzuSyROVMhoeanKnlhfOcBShUzsyyxOYsXbIRObPLEpOzbMmK5yzhyyLHbwlQ2ZwlSw5a5CxZXot2TJcNN676ALyrftn01NW1bKl1SJftykzOxLz6oSsNz/5u9T6d/nLddod+1rk2h277rTicn7tZIWOa5+xf3eXX9doL1p1TrPW8i7v0gqqEL2UClolAJmGZDGQKlqlApmGZDmQGlplAlsKyNJBZWGYDWQbLsoXsdZaie48m596TWbn3dDruPZ2He08n4N7T5H3zCOT3nmZ972nI956me+9RrNsf3RHB6kIEVh8msPo4gdXHCaw+TmAdm4di9XECq48TWH2cwOrjGNanS/cDwepCBFYfJrD6OIHVxwmsPk5gHZuHYvVxAquPE1h9nMDq4zjWvse6q4+RYF2cJOsEJFonINk6AQl3aCNB1wlIvE5A8nUCErATYIRPl+74hE20Q5BgPAoIyKOCoDwqCMyjguD81lAU9KggSI8KAvWoIFiPCgz2eX/8hqB2IQK0DxOYfZyA7OMEYh8nAI/NQ/H6OAHXxwm0Pk6A9XEU6/1yPmB9eAhSaAcBBXdQUHgHBQV4UFCIp4bikAcFhXlQUKAHBYV6UGCwL/0OIX3pdwRmFyUYuzAB2IUJui5MoB1ahnJ1YQKqCxNEXZjA6cIYy1vfHRCYLkTQ9GECp48TPH2cAOrjBNGxeShSHyeY+jgB1ccJqj6OYf39eX/rKXfnBT91d3MVgXouI4jPZQT4uYzgv7wCNA1zGZGNuYxIylxG5GYuw1L0o3crwkh6hiCRmVFAJGVUEPkYFUQqRgWRhbeGogkYFQT7UUFgHxUE8VEBw55+/3K9dbf9dsbcrRguUoAsiwy5ARZFvy5EPkHAQuVSJUCVDVQSUiVhXQpSibBdGlLJsC4DqVTYrhRSmfCMFlJZHqgySJWJhep1kZ1gRWTIyyoppNE1kIuV6JQ0GuC/ElstrACYr8TGbDcc4LySiRXbHmC7UiLL+gTguTJyI4e/+wQMVxnf7h4VwG216Xv5aAFWq37zaB8fMT7Dn6iWgHyPztmK8+CS/CSVs9UjUV+4VDLy5kYbYyDe3JrWSog3z2xacIg354WsFMSb81LXFuLNy0o3BcQ7NY1qU5B33VRtBvGuVJuEkYF3U7d1W2N8ojWPqT+mSSYkxCcpBBcV2B9rmSoL8VGF1sZCfNLE8sxAfApeNBWH+FRlrRsO8WlEY1sO8WnqVoRMBz5t2hZthfMJFy8mQJXSUoADVmglaxBQalKVgQO2tVoX4IC1RWIycMDaskwtOGBtLbME7EBFY0pwwFamNbUGAfG2bRUGCFh7GAkZLcokgwilpVRJAxHKKiVEAhGquDZhZCBU16YUHCLU1DaTBiLUmqLWGiLUlrW0NUSobZqyAqe0tm2LZbebE4oWDEY+WiSlSkA+XCidgXxSYUwN8SmtFBac8mstW1vBfIwqED42LSXMpzRVA/Op00YgfPRy8C34xM5/JCSFMCGHgZBSUqYFREhrWWUFRMiUylRgD7JcF2HfHwhlbVrAk3SZZqpVEKHalFVbQISarLZtDRIqWt22GKHQrk8DTCZpUkJ4rBCpSMEOVIoqnL3HAaYll2AHarRsZAPhabXR4WeTsQNVNrHgFNQ2pSgF1oFqeI52HUhjeCIHPk3RteJKQXyEVI0WEB9hdWPACUhUaZGWEB+ZZGkGdh9pS1FUEB/V1kkFTkA2aUwN3uNL0UafGMZ7vHFTEMYHsdIzRyC0/sLen0hfEGtxdxBrcY8QaQmnEGkJvxBpCdcQaQnvEGkJBxFpCR8RaQk3ATjw6ebSypQ3UN9PlRIJB+eGVBeJgfp+maZZ0kJ9vzZZI8C5oamqTJXg3GAarhtwbihabsG+3zZtVbbI3NBiN9/3V4fZf6ENjz998v+iT47d49SvIccpUJcqUWerUDesUQdtUNedok7dou4+4/CKwH/DJ8fuceINOU6BulSJOluFumGNOmiDuu4UdeoWdfcD73hF4CM+OXaPEx/IcQrUpUrU2SrUDWvUQRvUdaeoU7eoux/7Y7Qi8CGfHLvHtw4EOE6BulSJOluFuuHpQ1jsoA3qulPUqVvU3Y+AohWBj/nk2D1OhCDHKVCXKlFnq1A3rFEHbVDXnaJO3aLufiAUrwh8xCfH7vGdT+w4Jz6xS534xM524hO7YY06aIO67hR16hZ19wOfeEXgYz45do9vkxDgOAXqUqcPe7GzVagb1qiDNqjrTlGnblF3PxCKVwQ+4JNj9zjvQKHjFKhLlaizVagb1qiDNqjrTlGnblF3Pw6waEXgIz45do8TH8hxCtSlStTZTkuZsRuePlPFDtqgrjtFnbpF3f04RUcrAn/65P9vnxy7x/e5IXacAnWp080ldrYKdcMaddDTEmPsuqebS+zULerux5tLtCIQ++T5v9/ffpxPT5fu/Pz+udft5/r7/o/5PSgRwG4NtwOCP9iw1ISbOBK3ByHa4eV2RkR7O9zmiHBzh/TC8DRuQ0S0ncPtdpDRNgYZNtztWlCLs7zOLn2xlY1NqVVzt+VTquclPpVmXuJTmL6XTKdwu27+Fp7C98WE87/MqHlAYlEkpdu6IedF2u/TeFe959b9uJOtn/3ZJtnrfwBcsWNf8zgAAA==:18:12:
      18 │   fontWeight {
         │             ^
         ╵             :

▲ [WARNING] Expected ":" [css-syntax-error]

    vanilla-extract-css-ns:src/style.css.ts.vanilla.css?source=#H4sIAAAAAAAAE+2bTW/juhWG9/MrCPi2uAOMA4pfojQrfaL7Lu6i6EK2lcQYj234ozdzi/z3gpSUSOQ5Z7Iril4ncWyeVxT1HJLyy4QPlydhnjPJ/v2Jse/d5Wl/zBn/+omxc7fb7Y9P47vN6bLrL4s360u329+vOeMPMtWX/rsL7fbX86H7kbPHQ//iCrrD/um43t/679ecbfvjrb+44u39cj1dcnY+7aei+7W/rK/9od/ecnY8HXtXeLt0x+v+tj8dc7bptt+eLqf7cbfeng6nC+MP4spmL8d2vZe4Gv76j93+2m0O/e6f/iIZO5277f72wzVcffUlU2uOp9u6OxxOv/c7F3j99PrpYQCk/LGPp+Ntfd3/0btj367Zlf7W75+eb+MJNqeX8RVjDtL+7R3zFzZiHB7X766yREy1DY9Nd/UnCYq/75a4h8fBZelhWfZyWLRxeAhXmiyKpC8KDn68Hw45y7IsO79Mpa/j7+tztzv9fp1d0ovrA/4rOb+wy9Om+5V/YeP3A9efg4s9v3ihOL/41+QBI4efHWI+f3kTSUSU8M8ByLFGdX5ha7DpU7VOYTDVol6fivkRAr7Csbn+STud/FnNPqFvx7intYbqVmPdwj9pTLeoW0yVe732lSdQy8U8N/vj0U8JM4xIctj+eO1v70fuusu39YTKX7/iyNGKj9ejp8uGVGJSTT8/TdTpfjvs/VD0X2/4jfnCEi2/MCG0O8h8jgaAmz6OT7MBwBcDOgHGrYgHqATGpwpHp3ZjM6jLxOM1dUVBXTZnYlGQ5UyEdSXcFQZliSsLaktEzuSyROVMhoeanKnlhfOcBShUzsyyxOYsXbIRObPLEpOzbMmK5yzhyyLHbwlQ2ZwlSw5a5CxZXot2TJcNN676ALyrftn01NW1bKl1SJftykzOxLz6oSsNz/5u9T6d/nLddod+1rk2h277rTicn7tZIWOa5+xf3eXX9doL1p1TrPW8i7v0gqqEL2UClolAJmGZDGQKlqlApmGZDmQGlplAlsKyNJBZWGYDWQbLsoXsdZaie48m596TWbn3dDruPZ2He08n4N7T5H3zCOT3nmZ972nI956me+9RrNsf3RHB6kIEVh8msPo4gdXHCaw+TmAdm4di9XECq48TWH2cwOrjGNanS/cDwepCBFYfJrD6OIHVxwmsPk5gHZuHYvVxAquPE1h9nMDq4zjWvse6q4+RYF2cJOsEJFonINk6AQl3aCNB1wlIvE5A8nUCErATYIRPl+74hE20Q5BgPAoIyKOCoDwqCMyjguD81lAU9KggSI8KAvWoIFiPCgz2eX/8hqB2IQK0DxOYfZyA7OMEYh8nAI/NQ/H6OAHXxwm0Pk6A9XEU6/1yPmB9eAhSaAcBBXdQUHgHBQV4UFCIp4bikAcFhXlQUKAHBYV6UGCwL/0OIX3pdwRmFyUYuzAB2IUJui5MoB1ahnJ1YQKqCxNEXZjA6cIYy1vfHRCYLkTQ9GECp48TPH2cAOrjBNGxeShSHyeY+jgB1ccJqj6OYf39eX/rKXfnBT91d3MVgXouI4jPZQT4uYzgv7wCNA1zGZGNuYxIylxG5GYuw1L0o3crwkh6hiCRmVFAJGVUEPkYFUQqRgWRhbeGogkYFQT7UUFgHxUE8VEBw55+/3K9dbf9dsbcrRguUoAsiwy5ARZFvy5EPkHAQuVSJUCVDVQSUiVhXQpSibBdGlLJsC4DqVTYrhRSmfCMFlJZHqgySJWJhep1kZ1gRWTIyyoppNE1kIuV6JQ0GuC/ElstrACYr8TGbDcc4LySiRXbHmC7UiLL+gTguTJyI4e/+wQMVxnf7h4VwG216Xv5aAFWq37zaB8fMT7Dn6iWgHyPztmK8+CS/CSVs9UjUV+4VDLy5kYbYyDe3JrWSog3z2xacIg354WsFMSb81LXFuLNy0o3BcQ7NY1qU5B33VRtBvGuVJuEkYF3U7d1W2N8ojWPqT+mSSYkxCcpBBcV2B9rmSoL8VGF1sZCfNLE8sxAfApeNBWH+FRlrRsO8WlEY1sO8WnqVoRMBz5t2hZthfMJFy8mQJXSUoADVmglaxBQalKVgQO2tVoX4IC1RWIycMDaskwtOGBtLbME7EBFY0pwwFamNbUGAfG2bRUGCFh7GAkZLcokgwilpVRJAxHKKiVEAhGquDZhZCBU16YUHCLU1DaTBiLUmqLWGiLUlrW0NUSobZqyAqe0tm2LZbebE4oWDEY+WiSlSkA+XCidgXxSYUwN8SmtFBac8mstW1vBfIwqED42LSXMpzRVA/Op00YgfPRy8C34xM5/JCSFMCGHgZBSUqYFREhrWWUFRMiUylRgD7JcF2HfHwhlbVrAk3SZZqpVEKHalFVbQISarLZtDRIqWt22GKHQrk8DTCZpUkJ4rBCpSMEOVIoqnL3HAaYll2AHarRsZAPhabXR4WeTsQNVNrHgFNQ2pSgF1oFqeI52HUhjeCIHPk3RteJKQXyEVI0WEB9hdWPACUhUaZGWEB+ZZGkGdh9pS1FUEB/V1kkFTkA2aUwN3uNL0UafGMZ7vHFTEMYHsdIzRyC0/sLen0hfEGtxdxBrcY8QaQmnEGkJvxBpCdcQaQnvEGkJBxFpCR8RaQk3ATjw6ebSypQ3UN9PlRIJB+eGVBeJgfp+maZZ0kJ9vzZZI8C5oamqTJXg3GAarhtwbihabsG+3zZtVbbI3NBiN9/3V4fZf6ENjz998v+iT47d49SvIccpUJcqUWerUDesUQdtUNedok7dou4+4/CKwH/DJ8fuceINOU6BulSJOluFumGNOmiDuu4UdeoWdfcD73hF4CM+OXaPEx/IcQrUpUrU2SrUDWvUQRvUdaeoU7eoux/7Y7Qi8CGfHLvHtw4EOE6BulSJOluFuuHpQ1jsoA3qulPUqVvU3Y+AohWBj/nk2D1OhCDHKVCXKlFnq1A3rFEHbVDXnaJO3aLufiAUrwh8xCfH7vGdT+w4Jz6xS534xM524hO7YY06aIO67hR16hZ19wOfeEXgYz45do9vkxDgOAXqUqcPe7GzVagb1qiDNqjrTlGnblF3PxCKVwQ+4JNj9zjvQKHjFKhLlaizVagb1qiDNqjrTlGnblF3Pw6waEXgIz45do8TH8hxCtSlStTZTkuZsRuePlPFDtqgrjtFnbpF3f04RUcrAn/65P9vnxy7x/e5IXacAnWp080ldrYKdcMaddDTEmPsuqebS+zULerux5tLtCIQ++T5v9/ffpxPT5fu/Pz+udft5/r7/o/5PSgRwG4NtwOCP9iw1ISbOBK3ByHa4eV2RkR7O9zmiHBzh/TC8DRuQ0S0ncPtdpDRNgYZNtztWlCLs7zOLn2xlY1NqVVzt+VTquclPpVmXuJTmL6XTKdwu27+Fp7C98WE87/MqHlAYlEkpdu6IedF2u/TeFe959b9uJOtn/3ZJtnrfwBcsWNf8zgAAA==:18:12:
      18 │   fontWeight {
         │             ^
         ╵             :

✘ [ERROR] Unexpected "}"

    src/style.css.ts:139:0:
      139 │ },
          ╵ ^

✘ [ERROR] Unexpected "}"

    src/style.css.ts:139:0:
      139 │ },
          ╵ ^

✘ [ERROR] [plugin vanilla-extract] Build failed with 1 error:
src/style.css.ts:139:0: ERROR: Unexpected "}"

    src/Button.tsx:10:7:
      10 │ } from "./style.css";
         ╵        ~~~~~~~~~~~~~

  This error came from the "onLoad" callback registered here:

    ../../../../.yarn/__virtual__/@vanilla-extract-esbuild-plugin-virtual-04b0847f58/4/.yarn/berry/cache/@vanilla-extract-esbuild-plugin-npm-2.3.13-4287ce6f58-10c0.zip/node_modules/@vanilla-extract/esbuild-plugin/dist/vanilla-extract-esbuild-plugin.cjs.dev.js:55:12:
      55 │       build.onLoad({
         ╵             ~~~~~~

    at setup (/Users/song/Desktop/fastcampus/front-projects/.yarn/__virtual__/@vanilla-extract-esbuild-plugin-virtual-04b0847f58/4/.yarn/berry/cache/@vanilla-extract-esbuild-plugin-npm-2.3.13-4287ce6f58-10c0.zip/node_modules/@vanilla-extract/esbuild-plugin/dist/vanilla-extract-esbuild-plugin.cjs.dev.js:55:13)
    at handlePlugins (/Users/song/Desktop/fastcampus/front-projects/.yarn/unplugged/esbuild-npm-0.16.17-89fa4ab0dd/node_modules/esbuild/lib/main.js:1287:21)
    at buildOrServeImpl (/Users/song/Desktop/fastcampus/front-projects/.yarn/unplugged/esbuild-npm-0.16.17-89fa4ab0dd/node_modules/esbuild/lib/main.js:974:5)
    at Object.buildOrServe (/Users/song/Desktop/fastcampus/front-projects/.yarn/unplugged/esbuild-npm-0.16.17-89fa4ab0dd/node_modules/esbuild/lib/main.js:780:5)
    at /Users/song/Desktop/fastcampus/front-projects/.yarn/unplugged/esbuild-npm-0.16.17-89fa4ab0dd/node_modules/esbuild/lib/main.js:2132:17
    at new Promise (<anonymous>)
    at Object.build (/Users/song/Desktop/fastcampus/front-projects/.yarn/unplugged/esbuild-npm-0.16.17-89fa4ab0dd/node_modules/esbuild/lib/main.js:2131:14)
    at build (/Users/song/Desktop/fastcampus/front-projects/.yarn/unplugged/esbuild-npm-0.16.17-89fa4ab0dd/node_modules/esbuild/lib/main.js:1978:51)
    at run (/Users/song/Desktop/fastcampus/front-projects/packages/esbuild-config/index.js:36:5)

✘ [ERROR] [plugin vanilla-extract] Build failed with 1 error:
src/style.css.ts:139:0: ERROR: Unexpected "}"

    src/Button.tsx:10:7:
      10 │ } from "./style.css";
         ╵        ~~~~~~~~~~~~~

  This error came from the "onLoad" callback registered here:

    ../../../../.yarn/__virtual__/@vanilla-extract-esbuild-plugin-virtual-04b0847f58/4/.yarn/berry/cache/@vanilla-extract-esbuild-plugin-npm-2.3.13-4287ce6f58-10c0.zip/node_modules/@vanilla-extract/esbuild-plugin/dist/vanilla-extract-esbuild-plugin.cjs.dev.js:55:12:
      55 │       build.onLoad({
         ╵             ~~~~~~

    at setup (/Users/song/Desktop/fastcampus/front-projects/.yarn/__virtual__/@vanilla-extract-esbuild-plugin-virtual-04b0847f58/4/.yarn/berry/cache/@vanilla-extract-esbuild-plugin-npm-2.3.13-4287ce6f58-10c0.zip/node_modules/@vanilla-extract/esbuild-plugin/dist/vanilla-extract-esbuild-plugin.cjs.dev.js:55:13)
    at handlePlugins (/Users/song/Desktop/fastcampus/front-projects/.yarn/unplugged/esbuild-npm-0.16.17-89fa4ab0dd/node_modules/esbuild/lib/main.js:1287:21)
    at buildOrServeImpl (/Users/song/Desktop/fastcampus/front-projects/.yarn/unplugged/esbuild-npm-0.16.17-89fa4ab0dd/node_modules/esbuild/lib/main.js:974:5)
    at Object.buildOrServe (/Users/song/Desktop/fastcampus/front-projects/.yarn/unplugged/esbuild-npm-0.16.17-89fa4ab0dd/node_modules/esbuild/lib/main.js:780:5)
    at /Users/song/Desktop/fastcampus/front-projects/.yarn/unplugged/esbuild-npm-0.16.17-89fa4ab0dd/node_modules/esbuild/lib/main.js:2132:17
    at new Promise (<anonymous>)
    at Object.build (/Users/song/Desktop/fastcampus/front-projects/.yarn/unplugged/esbuild-npm-0.16.17-89fa4ab0dd/node_modules/esbuild/lib/main.js:2131:14)
    at build (/Users/song/Desktop/fastcampus/front-projects/.yarn/unplugged/esbuild-npm-0.16.17-89fa4ab0dd/node_modules/esbuild/lib/main.js:1978:51)
    at run (/Users/song/Desktop/fastcampus/front-projects/packages/esbuild-config/index.js:30:5)

✘ [ERROR] Expected "=>" but found "="

    src/Button.tsx:39:25:
      39 │ const handleKeyDown = () = > {}
         │                          ^
         ╵                          =>

✘ [ERROR] Expected "=>" but found "="

    src/Button.tsx:39:25:
      39 │ const handleKeyDown = () = > {}
         │                          ^
         ╵                          =>

